/gscratch/cse/yizhongw/leo/jiant:/gscratch/cse/yizhongw/leo/dynamic_transfomers/src/transformers:/gscratch/cse/yizhongw/leo/forgetting_lama:/opt/rh/devtoolset-6/root/usr/lib64/python2.7/site-packages:/opt/rh/devtoolset-6/root/usr/lib/python2.7/site-packages
Running from start
  jiant_task_container_config_path: output/run_configs/simple_config.json
  output_dir: output/record/mlm+all/roberta_bz256_savesteps/checkpoint_3200
  model_type: roberta-base
  model_path: ../dynamic_during_pretraining/output/mlm+all/roberta_bz256_savesteps/checkpoint_3200/roberta-base/model/roberta-base.p
  model_config_path: ../dynamic_during_pretraining/output/mlm+all/roberta_bz256_savesteps/checkpoint_3200/roberta-base/model/roberta-base.json
  model_tokenizer_path: ../dynamic_during_pretraining/output/mlm+all/roberta_bz256_savesteps/checkpoint_3200/roberta-base/tokenizer
  model_load_mode: from_transformers
  do_train: True
  do_val: True
  do_save: False
  do_save_last: False
  do_save_best: False
  write_val_preds: False
  write_test_preds: False
  eval_every_steps: 0
  save_every_steps: 0
  save_checkpoint_every_steps: 0
  no_improvements_for_n_evals: 0
  delete_checkpoint_if_done: False
  force_overwrite: False
  seed: -1
  learning_rate: 1e-05
  adam_epsilon: 1e-08
  max_grad_norm: 1.0
  optimizer_type: adam
  no_cuda: False
  fp16: False
  fp16_opt_level: O1
  local_rank: -1
  server_ip: 
  server_port: 
device: cuda n_gpu: 1, distributed training: False, 16-bits training: False
Using seed: 2472505157
{
  "jiant_task_container_config_path": "output/run_configs/simple_config.json",
  "output_dir": "output/record/mlm+all/roberta_bz256_savesteps/checkpoint_3200",
  "model_type": "roberta-base",
  "model_path": "../dynamic_during_pretraining/output/mlm+all/roberta_bz256_savesteps/checkpoint_3200/roberta-base/model/roberta-base.p",
  "model_config_path": "../dynamic_during_pretraining/output/mlm+all/roberta_bz256_savesteps/checkpoint_3200/roberta-base/model/roberta-base.json",
  "model_tokenizer_path": "../dynamic_during_pretraining/output/mlm+all/roberta_bz256_savesteps/checkpoint_3200/roberta-base/tokenizer",
  "model_load_mode": "from_transformers",
  "do_train": true,
  "do_val": true,
  "do_save": false,
  "do_save_last": false,
  "do_save_best": false,
  "write_val_preds": false,
  "write_test_preds": false,
  "eval_every_steps": 0,
  "save_every_steps": 0,
  "save_checkpoint_every_steps": 0,
  "no_improvements_for_n_evals": 0,
  "delete_checkpoint_if_done": false,
  "force_overwrite": false,
  "seed": 2472505157,
  "learning_rate": 1e-05,
  "adam_epsilon": 1e-08,
  "max_grad_norm": 1.0,
  "optimizer_type": "adam",
  "no_cuda": false,
  "fp16": false,
  "fp16_opt_level": "O1",
  "local_rank": -1,
  "server_ip": "",
  "server_port": ""
}
1
Creating Tasks:
    record (ReCoRDTask): data/configs/record_config.json
No optimizer decay for:
  encoder.embeddings.LayerNorm.weight
  encoder.embeddings.LayerNorm.bias
  encoder.encoder.layer.0.attention.self.query.bias
  encoder.encoder.layer.0.attention.self.key.bias
  encoder.encoder.layer.0.attention.self.value.bias
  encoder.encoder.layer.0.attention.output.dense.bias
  encoder.encoder.layer.0.attention.output.LayerNorm.weight
  encoder.encoder.layer.0.attention.output.LayerNorm.bias
  encoder.encoder.layer.0.intermediate.dense.bias
  encoder.encoder.layer.0.output.dense.bias
  encoder.encoder.layer.0.output.LayerNorm.weight
  encoder.encoder.layer.0.output.LayerNorm.bias
  encoder.encoder.layer.1.attention.self.query.bias
  encoder.encoder.layer.1.attention.self.key.bias
  encoder.encoder.layer.1.attention.self.value.bias
  encoder.encoder.layer.1.attention.output.dense.bias
  encoder.encoder.layer.1.attention.output.LayerNorm.weight
  encoder.encoder.layer.1.attention.output.LayerNorm.bias
  encoder.encoder.layer.1.intermediate.dense.bias
  encoder.encoder.layer.1.output.dense.bias
  encoder.encoder.layer.1.output.LayerNorm.weight
  encoder.encoder.layer.1.output.LayerNorm.bias
  encoder.encoder.layer.2.attention.self.query.bias
  encoder.encoder.layer.2.attention.self.key.bias
  encoder.encoder.layer.2.attention.self.value.bias
  encoder.encoder.layer.2.attention.output.dense.bias
  encoder.encoder.layer.2.attention.output.LayerNorm.weight
  encoder.encoder.layer.2.attention.output.LayerNorm.bias
  encoder.encoder.layer.2.intermediate.dense.bias
  encoder.encoder.layer.2.output.dense.bias
  encoder.encoder.layer.2.output.LayerNorm.weight
  encoder.encoder.layer.2.output.LayerNorm.bias
  encoder.encoder.layer.3.attention.self.query.bias
  encoder.encoder.layer.3.attention.self.key.bias
  encoder.encoder.layer.3.attention.self.value.bias
  encoder.encoder.layer.3.attention.output.dense.bias
  encoder.encoder.layer.3.attention.output.LayerNorm.weight
  encoder.encoder.layer.3.attention.output.LayerNorm.bias
  encoder.encoder.layer.3.intermediate.dense.bias
  encoder.encoder.layer.3.output.dense.bias
  encoder.encoder.layer.3.output.LayerNorm.weight
  encoder.encoder.layer.3.output.LayerNorm.bias
  encoder.encoder.layer.4.attention.self.query.bias
  encoder.encoder.layer.4.attention.self.key.bias
  encoder.encoder.layer.4.attention.self.value.bias
  encoder.encoder.layer.4.attention.output.dense.bias
  encoder.encoder.layer.4.attention.output.LayerNorm.weight
  encoder.encoder.layer.4.attention.output.LayerNorm.bias
  encoder.encoder.layer.4.intermediate.dense.bias
  encoder.encoder.layer.4.output.dense.bias
  encoder.encoder.layer.4.output.LayerNorm.weight
  encoder.encoder.layer.4.output.LayerNorm.bias
  encoder.encoder.layer.5.attention.self.query.bias
  encoder.encoder.layer.5.attention.self.key.bias
  encoder.encoder.layer.5.attention.self.value.bias
  encoder.encoder.layer.5.attention.output.dense.bias
  encoder.encoder.layer.5.attention.output.LayerNorm.weight
  encoder.encoder.layer.5.attention.output.LayerNorm.bias
  encoder.encoder.layer.5.intermediate.dense.bias
  encoder.encoder.layer.5.output.dense.bias
  encoder.encoder.layer.5.output.LayerNorm.weight
  encoder.encoder.layer.5.output.LayerNorm.bias
  encoder.encoder.layer.6.attention.self.query.bias
  encoder.encoder.layer.6.attention.self.key.bias
  encoder.encoder.layer.6.attention.self.value.bias
  encoder.encoder.layer.6.attention.output.dense.bias
  encoder.encoder.layer.6.attention.output.LayerNorm.weight
  encoder.encoder.layer.6.attention.output.LayerNorm.bias
  encoder.encoder.layer.6.intermediate.dense.bias
  encoder.encoder.layer.6.output.dense.bias
  encoder.encoder.layer.6.output.LayerNorm.weight
  encoder.encoder.layer.6.output.LayerNorm.bias
  encoder.encoder.layer.7.attention.self.query.bias
  encoder.encoder.layer.7.attention.self.key.bias
  encoder.encoder.layer.7.attention.self.value.bias
  encoder.encoder.layer.7.attention.output.dense.bias
  encoder.encoder.layer.7.attention.output.LayerNorm.weight
  encoder.encoder.layer.7.attention.output.LayerNorm.bias
  encoder.encoder.layer.7.intermediate.dense.bias
  encoder.encoder.layer.7.output.dense.bias
  encoder.encoder.layer.7.output.LayerNorm.weight
  encoder.encoder.layer.7.output.LayerNorm.bias
  encoder.encoder.layer.8.attention.self.query.bias
  encoder.encoder.layer.8.attention.self.key.bias
  encoder.encoder.layer.8.attention.self.value.bias
  encoder.encoder.layer.8.attention.output.dense.bias
  encoder.encoder.layer.8.attention.output.LayerNorm.weight
  encoder.encoder.layer.8.attention.output.LayerNorm.bias
  encoder.encoder.layer.8.intermediate.dense.bias
  encoder.encoder.layer.8.output.dense.bias
  encoder.encoder.layer.8.output.LayerNorm.weight
  encoder.encoder.layer.8.output.LayerNorm.bias
  encoder.encoder.layer.9.attention.self.query.bias
  encoder.encoder.layer.9.attention.self.key.bias
  encoder.encoder.layer.9.attention.self.value.bias
  encoder.encoder.layer.9.attention.output.dense.bias
  encoder.encoder.layer.9.attention.output.LayerNorm.weight
  encoder.encoder.layer.9.attention.output.LayerNorm.bias
  encoder.encoder.layer.9.intermediate.dense.bias
  encoder.encoder.layer.9.output.dense.bias
  encoder.encoder.layer.9.output.LayerNorm.weight
  encoder.encoder.layer.9.output.LayerNorm.bias
  encoder.encoder.layer.10.attention.self.query.bias
  encoder.encoder.layer.10.attention.self.key.bias
  encoder.encoder.layer.10.attention.self.value.bias
  encoder.encoder.layer.10.attention.output.dense.bias
  encoder.encoder.layer.10.attention.output.LayerNorm.weight
  encoder.encoder.layer.10.attention.output.LayerNorm.bias
  encoder.encoder.layer.10.intermediate.dense.bias
  encoder.encoder.layer.10.output.dense.bias
  encoder.encoder.layer.10.output.LayerNorm.weight
  encoder.encoder.layer.10.output.LayerNorm.bias
  encoder.encoder.layer.11.attention.self.query.bias
  encoder.encoder.layer.11.attention.self.key.bias
  encoder.encoder.layer.11.attention.self.value.bias
  encoder.encoder.layer.11.attention.output.dense.bias
  encoder.encoder.layer.11.attention.output.LayerNorm.weight
  encoder.encoder.layer.11.attention.output.LayerNorm.bias
  encoder.encoder.layer.11.intermediate.dense.bias
  encoder.encoder.layer.11.output.dense.bias
  encoder.encoder.layer.11.output.LayerNorm.weight
  encoder.encoder.layer.11.output.LayerNorm.bias
  encoder.pooler.dense.bias
  taskmodels_dict.record.classification_head.dense.bias
  taskmodels_dict.record.classification_head.out_proj.bias
Using AdamW
Loading Best
{
  "aggregated": 0.1968235714285715,
  "record": {
    "loss": 0.4597147080167866,
    "metrics": {
      "major": 0.1968235714285715,
      "minor": {
        "em": 0.1942,
        "f1": 0.19944714285714296,
        "f1_em": 0.1968235714285715
      }
    }
  }
}
